1605753062744|2|statement|connection 0|url jdbc:p6spy:mysql://localhost:3306/activiti?useUnicode=true&characterEncoding=utf-8&useSSL=true&serverTimezone=UTC&nullCatalogMeansCurrent=true|select * from ACT_GE_PROPERTY where NAME_ = ?|select * from ACT_GE_PROPERTY where NAME_ = 'schema.version'
1605753062770|3|statement|connection 2|url jdbc:p6spy:mysql://localhost:3306/activiti?useUnicode=true&characterEncoding=utf-8&useSSL=true&serverTimezone=UTC&nullCatalogMeansCurrent=true|select 		RES.*  		from ACT_RU_JOB RES 		where LOCK_EXP_TIME_ is null 		LIMIT ? OFFSET ?|select 		RES.*  		from ACT_RU_JOB RES 		where LOCK_EXP_TIME_ is null 		LIMIT 1 OFFSET 0
1605753062771|3|statement|connection 1|url jdbc:p6spy:mysql://localhost:3306/activiti?useUnicode=true&characterEncoding=utf-8&useSSL=true&serverTimezone=UTC&nullCatalogMeansCurrent=true|select 		RES.*   		from ACT_RU_TIMER_JOB RES 		where DUEDATE_ <= ?  		and LOCK_OWNER_ is null  		LIMIT ? OFFSET ?|select 		RES.*   		from ACT_RU_TIMER_JOB RES 		where DUEDATE_ <= '2020-11-19T10:31:02.766+0800'  		and LOCK_OWNER_ is null  		LIMIT 1 OFFSET 0
1605753062771|3|statement|connection 0|url jdbc:p6spy:mysql://localhost:3306/activiti?useUnicode=true&characterEncoding=utf-8&useSSL=true&serverTimezone=UTC&nullCatalogMeansCurrent=true|select       	RES.*         	from ACT_RU_JOB RES     	where RES.LOCK_EXP_TIME_ is not null and RES.LOCK_EXP_TIME_ < ?     	LIMIT ? OFFSET ?|select       	RES.*         	from ACT_RU_JOB RES     	where RES.LOCK_EXP_TIME_ is not null and RES.LOCK_EXP_TIME_ < '2020-11-19T10:31:02.764+0800'     	LIMIT 3 OFFSET 0
1605753062773|1|commit|connection 2|url jdbc:p6spy:mysql://localhost:3306/activiti?useUnicode=true&characterEncoding=utf-8&useSSL=true&serverTimezone=UTC&nullCatalogMeansCurrent=true||
1605753062773|1|commit|connection 1|url jdbc:p6spy:mysql://localhost:3306/activiti?useUnicode=true&characterEncoding=utf-8&useSSL=true&serverTimezone=UTC&nullCatalogMeansCurrent=true||
1605753062773|1|commit|connection 0|url jdbc:p6spy:mysql://localhost:3306/activiti?useUnicode=true&characterEncoding=utf-8&useSSL=true&serverTimezone=UTC&nullCatalogMeansCurrent=true||
1605753062775|1|statement|connection 3|url jdbc:p6spy:mysql://localhost:3306/activiti?useUnicode=true&characterEncoding=utf-8&useSSL=true&serverTimezone=UTC&nullCatalogMeansCurrent=true|select * from ACT_GE_PROPERTY where NAME_ = ?|select * from ACT_GE_PROPERTY where NAME_ = 'cfg.execution-related-entities-count'
1605753062777|1|commit|connection 3|url jdbc:p6spy:mysql://localhost:3306/activiti?useUnicode=true&characterEncoding=utf-8&useSSL=true&serverTimezone=UTC&nullCatalogMeansCurrent=true||
1605753062778|1|commit|connection 1|url jdbc:p6spy:mysql://localhost:3306/activiti?useUnicode=true&characterEncoding=utf-8&useSSL=true&serverTimezone=UTC&nullCatalogMeansCurrent=true||
1605753062998|1|commit|connection 3|url jdbc:p6spy:mysql://localhost:3306/activiti?useUnicode=true&characterEncoding=utf-8&useSSL=true&serverTimezone=UTC&nullCatalogMeansCurrent=true||
1605753063008|1|commit|connection 3|url jdbc:p6spy:mysql://localhost:3306/activiti?useUnicode=true&characterEncoding=utf-8&useSSL=true&serverTimezone=UTC&nullCatalogMeansCurrent=true||
1605753063020|1|commit|connection 3|url jdbc:p6spy:mysql://localhost:3306/activiti?useUnicode=true&characterEncoding=utf-8&useSSL=true&serverTimezone=UTC&nullCatalogMeansCurrent=true||
1605753063030|2|commit|connection 3|url jdbc:p6spy:mysql://localhost:3306/activiti?useUnicode=true&characterEncoding=utf-8&useSSL=true&serverTimezone=UTC&nullCatalogMeansCurrent=true||
1605753063041|2|commit|connection 3|url jdbc:p6spy:mysql://localhost:3306/activiti?useUnicode=true&characterEncoding=utf-8&useSSL=true&serverTimezone=UTC&nullCatalogMeansCurrent=true||
1605753063055|2|commit|connection 3|url jdbc:p6spy:mysql://localhost:3306/activiti?useUnicode=true&characterEncoding=utf-8&useSSL=true&serverTimezone=UTC&nullCatalogMeansCurrent=true||
1605753063066|2|commit|connection 3|url jdbc:p6spy:mysql://localhost:3306/activiti?useUnicode=true&characterEncoding=utf-8&useSSL=true&serverTimezone=UTC&nullCatalogMeansCurrent=true||
1605753063083|2|commit|connection 3|url jdbc:p6spy:mysql://localhost:3306/activiti?useUnicode=true&characterEncoding=utf-8&useSSL=true&serverTimezone=UTC&nullCatalogMeansCurrent=true||
1605753063094|2|commit|connection 3|url jdbc:p6spy:mysql://localhost:3306/activiti?useUnicode=true&characterEncoding=utf-8&useSSL=true&serverTimezone=UTC&nullCatalogMeansCurrent=true||
1605753063104|2|commit|connection 3|url jdbc:p6spy:mysql://localhost:3306/activiti?useUnicode=true&characterEncoding=utf-8&useSSL=true&serverTimezone=UTC&nullCatalogMeansCurrent=true||
1605753063115|2|commit|connection 3|url jdbc:p6spy:mysql://localhost:3306/activiti?useUnicode=true&characterEncoding=utf-8&useSSL=true&serverTimezone=UTC&nullCatalogMeansCurrent=true||
1605753063125|1|commit|connection 3|url jdbc:p6spy:mysql://localhost:3306/activiti?useUnicode=true&characterEncoding=utf-8&useSSL=true&serverTimezone=UTC&nullCatalogMeansCurrent=true||
1605753063135|2|commit|connection 3|url jdbc:p6spy:mysql://localhost:3306/activiti?useUnicode=true&characterEncoding=utf-8&useSSL=true&serverTimezone=UTC&nullCatalogMeansCurrent=true||
1605753063147|2|commit|connection 3|url jdbc:p6spy:mysql://localhost:3306/activiti?useUnicode=true&characterEncoding=utf-8&useSSL=true&serverTimezone=UTC&nullCatalogMeansCurrent=true||
1605753063158|2|commit|connection 3|url jdbc:p6spy:mysql://localhost:3306/activiti?useUnicode=true&characterEncoding=utf-8&useSSL=true&serverTimezone=UTC&nullCatalogMeansCurrent=true||
1605753063169|2|commit|connection 3|url jdbc:p6spy:mysql://localhost:3306/activiti?useUnicode=true&characterEncoding=utf-8&useSSL=true&serverTimezone=UTC&nullCatalogMeansCurrent=true||
1605753063179|2|commit|connection 3|url jdbc:p6spy:mysql://localhost:3306/activiti?useUnicode=true&characterEncoding=utf-8&useSSL=true&serverTimezone=UTC&nullCatalogMeansCurrent=true||
1605753063190|2|commit|connection 3|url jdbc:p6spy:mysql://localhost:3306/activiti?useUnicode=true&characterEncoding=utf-8&useSSL=true&serverTimezone=UTC&nullCatalogMeansCurrent=true||
1605753063199|1|commit|connection 3|url jdbc:p6spy:mysql://localhost:3306/activiti?useUnicode=true&characterEncoding=utf-8&useSSL=true&serverTimezone=UTC&nullCatalogMeansCurrent=true||
1605753063208|1|commit|connection 3|url jdbc:p6spy:mysql://localhost:3306/activiti?useUnicode=true&characterEncoding=utf-8&useSSL=true&serverTimezone=UTC&nullCatalogMeansCurrent=true||
1605753063218|2|commit|connection 3|url jdbc:p6spy:mysql://localhost:3306/activiti?useUnicode=true&characterEncoding=utf-8&useSSL=true&serverTimezone=UTC&nullCatalogMeansCurrent=true||
1605753063227|2|commit|connection 3|url jdbc:p6spy:mysql://localhost:3306/activiti?useUnicode=true&characterEncoding=utf-8&useSSL=true&serverTimezone=UTC&nullCatalogMeansCurrent=true||
1605753063248|1|commit|connection 3|url jdbc:p6spy:mysql://localhost:3306/activiti?useUnicode=true&characterEncoding=utf-8&useSSL=true&serverTimezone=UTC&nullCatalogMeansCurrent=true||
1605753063257|2|commit|connection 3|url jdbc:p6spy:mysql://localhost:3306/activiti?useUnicode=true&characterEncoding=utf-8&useSSL=true&serverTimezone=UTC&nullCatalogMeansCurrent=true||
1605753063304|2|commit|connection 3|url jdbc:p6spy:mysql://localhost:3306/activiti?useUnicode=true&characterEncoding=utf-8&useSSL=true&serverTimezone=UTC&nullCatalogMeansCurrent=true||
1605753063316|2|commit|connection 3|url jdbc:p6spy:mysql://localhost:3306/activiti?useUnicode=true&characterEncoding=utf-8&useSSL=true&serverTimezone=UTC&nullCatalogMeansCurrent=true||
1605753063328|1|commit|connection 3|url jdbc:p6spy:mysql://localhost:3306/activiti?useUnicode=true&characterEncoding=utf-8&useSSL=true&serverTimezone=UTC&nullCatalogMeansCurrent=true||
1605753063338|1|commit|connection 3|url jdbc:p6spy:mysql://localhost:3306/activiti?useUnicode=true&characterEncoding=utf-8&useSSL=true&serverTimezone=UTC&nullCatalogMeansCurrent=true||
1605753063348|2|commit|connection 3|url jdbc:p6spy:mysql://localhost:3306/activiti?useUnicode=true&characterEncoding=utf-8&useSSL=true&serverTimezone=UTC&nullCatalogMeansCurrent=true||
1605753063357|1|commit|connection 3|url jdbc:p6spy:mysql://localhost:3306/activiti?useUnicode=true&characterEncoding=utf-8&useSSL=true&serverTimezone=UTC&nullCatalogMeansCurrent=true||
1605753063367|2|commit|connection 3|url jdbc:p6spy:mysql://localhost:3306/activiti?useUnicode=true&characterEncoding=utf-8&useSSL=true&serverTimezone=UTC&nullCatalogMeansCurrent=true||
1605753063382|2|commit|connection 3|url jdbc:p6spy:mysql://localhost:3306/activiti?useUnicode=true&characterEncoding=utf-8&useSSL=true&serverTimezone=UTC&nullCatalogMeansCurrent=true||
1605753063392|1|commit|connection 3|url jdbc:p6spy:mysql://localhost:3306/activiti?useUnicode=true&characterEncoding=utf-8&useSSL=true&serverTimezone=UTC&nullCatalogMeansCurrent=true||
1605753063407|3|commit|connection 3|url jdbc:p6spy:mysql://localhost:3306/activiti?useUnicode=true&characterEncoding=utf-8&useSSL=true&serverTimezone=UTC&nullCatalogMeansCurrent=true||
1605753063417|2|commit|connection 3|url jdbc:p6spy:mysql://localhost:3306/activiti?useUnicode=true&characterEncoding=utf-8&useSSL=true&serverTimezone=UTC&nullCatalogMeansCurrent=true||
1605753064059|2|statement|connection 3|url jdbc:p6spy:mysql://localhost:3306/activiti?useUnicode=true&characterEncoding=utf-8&useSSL=true&serverTimezone=UTC&nullCatalogMeansCurrent=true|select distinct RES.*              from ACT_RE_PROCDEF RES                      order by RES.ID_ asc     LIMIT ? OFFSET ?|select distinct RES.*              from ACT_RE_PROCDEF RES                      order by RES.ID_ asc     LIMIT 2147483647 OFFSET 0
1605753064063|2|commit|connection 3|url jdbc:p6spy:mysql://localhost:3306/activiti?useUnicode=true&characterEncoding=utf-8&useSSL=true&serverTimezone=UTC&nullCatalogMeansCurrent=true||
1605753064073|3|statement|connection 3|url jdbc:p6spy:mysql://localhost:3306/activiti?useUnicode=true&characterEncoding=utf-8&useSSL=true&serverTimezone=UTC&nullCatalogMeansCurrent=true|select * from ACT_RE_PROCDEF where ID_ = ?|select * from ACT_RE_PROCDEF where ID_ = 'myProcess_Part1:1:f3cbd21f-2a0b-11eb-99cb-a6ee3527a6d6'
1605753064076|2|statement|connection 3|url jdbc:p6spy:mysql://localhost:3306/activiti?useUnicode=true&characterEncoding=utf-8&useSSL=true&serverTimezone=UTC&nullCatalogMeansCurrent=true|select * from ACT_RE_DEPLOYMENT where ID_ = ?|select * from ACT_RE_DEPLOYMENT where ID_ = 'f3b6273d-2a0b-11eb-99cb-a6ee3527a6d6'
1605753064081|2|statement|connection 3|url jdbc:p6spy:mysql://localhost:3306/activiti?useUnicode=true&characterEncoding=utf-8&useSSL=true&serverTimezone=UTC&nullCatalogMeansCurrent=true|select * from ACT_GE_BYTEARRAY where DEPLOYMENT_ID_ = ? order by NAME_ asc|select * from ACT_GE_BYTEARRAY where DEPLOYMENT_ID_ = 'f3b6273d-2a0b-11eb-99cb-a6ee3527a6d6' order by NAME_ asc
1605753064141|3|statement|connection 3|url jdbc:p6spy:mysql://localhost:3306/activiti?useUnicode=true&characterEncoding=utf-8&useSSL=true&serverTimezone=UTC&nullCatalogMeansCurrent=true|select *      from ACT_RE_PROCDEF      where DEPLOYMENT_ID_ = ?       and KEY_ = ?       and (TENANT_ID_ = '' or TENANT_ID_ is null)|select *      from ACT_RE_PROCDEF      where DEPLOYMENT_ID_ = 'f3b6273d-2a0b-11eb-99cb-a6ee3527a6d6'       and KEY_ = 'myProcess_Part1'       and (TENANT_ID_ = '' or TENANT_ID_ is null)
1605753064147|2|statement|connection 3|url jdbc:p6spy:mysql://localhost:3306/activiti?useUnicode=true&characterEncoding=utf-8&useSSL=true&serverTimezone=UTC&nullCatalogMeansCurrent=true|select * from ACT_PROCDEF_INFO where PROC_DEF_ID_ = ?|select * from ACT_PROCDEF_INFO where PROC_DEF_ID_ = 'myProcess_Part1:1:f3cbd21f-2a0b-11eb-99cb-a6ee3527a6d6'
1605753064150|2|commit|connection 3|url jdbc:p6spy:mysql://localhost:3306/activiti?useUnicode=true&characterEncoding=utf-8&useSSL=true&serverTimezone=UTC&nullCatalogMeansCurrent=true||
1605753064160|2|statement|connection 3|url jdbc:p6spy:mysql://localhost:3306/activiti?useUnicode=true&characterEncoding=utf-8&useSSL=true&serverTimezone=UTC&nullCatalogMeansCurrent=true|select * from ACT_GE_BYTEARRAY      where DEPLOYMENT_ID_ = ?           AND NAME_ = ?|select * from ACT_GE_BYTEARRAY      where DEPLOYMENT_ID_ = 'f3b6273d-2a0b-11eb-99cb-a6ee3527a6d6'           AND NAME_ = 'BPMN/Part1_Deployment.bpmn'
1605753064162|2|commit|connection 3|url jdbc:p6spy:mysql://localhost:3306/activiti?useUnicode=true&characterEncoding=utf-8&useSSL=true&serverTimezone=UTC&nullCatalogMeansCurrent=true||
1605753064525|2|statement|connection 3|url jdbc:p6spy:mysql://localhost:3306/activiti?useUnicode=true&characterEncoding=utf-8&useSSL=true&serverTimezone=UTC&nullCatalogMeansCurrent=true|select distinct RES.*              from ACT_RE_PROCDEF RES                      order by RES.ID_ asc     LIMIT ? OFFSET ?|select distinct RES.*              from ACT_RE_PROCDEF RES                      order by RES.ID_ asc     LIMIT 2147483647 OFFSET 0
1605753064529|2|commit|connection 3|url jdbc:p6spy:mysql://localhost:3306/activiti?useUnicode=true&characterEncoding=utf-8&useSSL=true&serverTimezone=UTC&nullCatalogMeansCurrent=true||
1605766864727|2|statement|connection 0|url jdbc:p6spy:mysql://localhost:3306/activiti?useUnicode=true&characterEncoding=utf-8&useSSL=true&serverTimezone=UTC&nullCatalogMeansCurrent=true|select * from ACT_GE_PROPERTY where NAME_ = ?|select * from ACT_GE_PROPERTY where NAME_ = 'schema.version'
1605766864749|2|statement|connection 2|url jdbc:p6spy:mysql://localhost:3306/activiti?useUnicode=true&characterEncoding=utf-8&useSSL=true&serverTimezone=UTC&nullCatalogMeansCurrent=true|select 		RES.*  		from ACT_RU_JOB RES 		where LOCK_EXP_TIME_ is null 		LIMIT ? OFFSET ?|select 		RES.*  		from ACT_RU_JOB RES 		where LOCK_EXP_TIME_ is null 		LIMIT 1 OFFSET 0
1605766864749|2|statement|connection 3|url jdbc:p6spy:mysql://localhost:3306/activiti?useUnicode=true&characterEncoding=utf-8&useSSL=true&serverTimezone=UTC&nullCatalogMeansCurrent=true|select * from ACT_GE_PROPERTY where NAME_ = ?|select * from ACT_GE_PROPERTY where NAME_ = 'cfg.execution-related-entities-count'
1605766864750|2|statement|connection 1|url jdbc:p6spy:mysql://localhost:3306/activiti?useUnicode=true&characterEncoding=utf-8&useSSL=true&serverTimezone=UTC&nullCatalogMeansCurrent=true|select       	RES.*         	from ACT_RU_JOB RES     	where RES.LOCK_EXP_TIME_ is not null and RES.LOCK_EXP_TIME_ < ?     	LIMIT ? OFFSET ?|select       	RES.*         	from ACT_RU_JOB RES     	where RES.LOCK_EXP_TIME_ is not null and RES.LOCK_EXP_TIME_ < '2020-11-19T14:21:04.746+0800'     	LIMIT 3 OFFSET 0
1605766864750|2|statement|connection 0|url jdbc:p6spy:mysql://localhost:3306/activiti?useUnicode=true&characterEncoding=utf-8&useSSL=true&serverTimezone=UTC&nullCatalogMeansCurrent=true|select 		RES.*   		from ACT_RU_TIMER_JOB RES 		where DUEDATE_ <= ?  		and LOCK_OWNER_ is null  		LIMIT ? OFFSET ?|select 		RES.*   		from ACT_RU_TIMER_JOB RES 		where DUEDATE_ <= '2020-11-19T14:21:04.745+0800'  		and LOCK_OWNER_ is null  		LIMIT 1 OFFSET 0
1605766864752|2|commit|connection 2|url jdbc:p6spy:mysql://localhost:3306/activiti?useUnicode=true&characterEncoding=utf-8&useSSL=true&serverTimezone=UTC&nullCatalogMeansCurrent=true||
1605766864752|2|commit|connection 3|url jdbc:p6spy:mysql://localhost:3306/activiti?useUnicode=true&characterEncoding=utf-8&useSSL=true&serverTimezone=UTC&nullCatalogMeansCurrent=true||
1605766864752|1|commit|connection 0|url jdbc:p6spy:mysql://localhost:3306/activiti?useUnicode=true&characterEncoding=utf-8&useSSL=true&serverTimezone=UTC&nullCatalogMeansCurrent=true||
1605766864753|2|commit|connection 1|url jdbc:p6spy:mysql://localhost:3306/activiti?useUnicode=true&characterEncoding=utf-8&useSSL=true&serverTimezone=UTC&nullCatalogMeansCurrent=true||
1605766864758|1|commit|connection 0|url jdbc:p6spy:mysql://localhost:3306/activiti?useUnicode=true&characterEncoding=utf-8&useSSL=true&serverTimezone=UTC&nullCatalogMeansCurrent=true||
1605766865619|1|commit|connection 3|url jdbc:p6spy:mysql://localhost:3306/activiti?useUnicode=true&characterEncoding=utf-8&useSSL=true&serverTimezone=UTC&nullCatalogMeansCurrent=true||
1605766865626|1|commit|connection 3|url jdbc:p6spy:mysql://localhost:3306/activiti?useUnicode=true&characterEncoding=utf-8&useSSL=true&serverTimezone=UTC&nullCatalogMeansCurrent=true||
1605766865634|1|commit|connection 3|url jdbc:p6spy:mysql://localhost:3306/activiti?useUnicode=true&characterEncoding=utf-8&useSSL=true&serverTimezone=UTC&nullCatalogMeansCurrent=true||
1605766865641|1|commit|connection 3|url jdbc:p6spy:mysql://localhost:3306/activiti?useUnicode=true&characterEncoding=utf-8&useSSL=true&serverTimezone=UTC&nullCatalogMeansCurrent=true||
1605766865649|1|commit|connection 3|url jdbc:p6spy:mysql://localhost:3306/activiti?useUnicode=true&characterEncoding=utf-8&useSSL=true&serverTimezone=UTC&nullCatalogMeansCurrent=true||
1605766865666|2|commit|connection 3|url jdbc:p6spy:mysql://localhost:3306/activiti?useUnicode=true&characterEncoding=utf-8&useSSL=true&serverTimezone=UTC&nullCatalogMeansCurrent=true||
1605766865673|1|commit|connection 3|url jdbc:p6spy:mysql://localhost:3306/activiti?useUnicode=true&characterEncoding=utf-8&useSSL=true&serverTimezone=UTC&nullCatalogMeansCurrent=true||
1605766865690|1|commit|connection 3|url jdbc:p6spy:mysql://localhost:3306/activiti?useUnicode=true&characterEncoding=utf-8&useSSL=true&serverTimezone=UTC&nullCatalogMeansCurrent=true||
1605766865697|1|commit|connection 3|url jdbc:p6spy:mysql://localhost:3306/activiti?useUnicode=true&characterEncoding=utf-8&useSSL=true&serverTimezone=UTC&nullCatalogMeansCurrent=true||
1605766865705|2|commit|connection 3|url jdbc:p6spy:mysql://localhost:3306/activiti?useUnicode=true&characterEncoding=utf-8&useSSL=true&serverTimezone=UTC&nullCatalogMeansCurrent=true||
1605766865716|2|commit|connection 3|url jdbc:p6spy:mysql://localhost:3306/activiti?useUnicode=true&characterEncoding=utf-8&useSSL=true&serverTimezone=UTC&nullCatalogMeansCurrent=true||
1605766865725|1|commit|connection 3|url jdbc:p6spy:mysql://localhost:3306/activiti?useUnicode=true&characterEncoding=utf-8&useSSL=true&serverTimezone=UTC&nullCatalogMeansCurrent=true||
1605766865733|1|commit|connection 3|url jdbc:p6spy:mysql://localhost:3306/activiti?useUnicode=true&characterEncoding=utf-8&useSSL=true&serverTimezone=UTC&nullCatalogMeansCurrent=true||
1605766865739|1|commit|connection 3|url jdbc:p6spy:mysql://localhost:3306/activiti?useUnicode=true&characterEncoding=utf-8&useSSL=true&serverTimezone=UTC&nullCatalogMeansCurrent=true||
1605766865746|1|commit|connection 3|url jdbc:p6spy:mysql://localhost:3306/activiti?useUnicode=true&characterEncoding=utf-8&useSSL=true&serverTimezone=UTC&nullCatalogMeansCurrent=true||
1605766865753|1|commit|connection 3|url jdbc:p6spy:mysql://localhost:3306/activiti?useUnicode=true&characterEncoding=utf-8&useSSL=true&serverTimezone=UTC&nullCatalogMeansCurrent=true||
1605766865760|1|commit|connection 3|url jdbc:p6spy:mysql://localhost:3306/activiti?useUnicode=true&characterEncoding=utf-8&useSSL=true&serverTimezone=UTC&nullCatalogMeansCurrent=true||
1605766865767|1|commit|connection 3|url jdbc:p6spy:mysql://localhost:3306/activiti?useUnicode=true&characterEncoding=utf-8&useSSL=true&serverTimezone=UTC&nullCatalogMeansCurrent=true||
1605766865777|2|commit|connection 3|url jdbc:p6spy:mysql://localhost:3306/activiti?useUnicode=true&characterEncoding=utf-8&useSSL=true&serverTimezone=UTC&nullCatalogMeansCurrent=true||
1605766865784|1|commit|connection 3|url jdbc:p6spy:mysql://localhost:3306/activiti?useUnicode=true&characterEncoding=utf-8&useSSL=true&serverTimezone=UTC&nullCatalogMeansCurrent=true||
1605766865790|1|commit|connection 3|url jdbc:p6spy:mysql://localhost:3306/activiti?useUnicode=true&characterEncoding=utf-8&useSSL=true&serverTimezone=UTC&nullCatalogMeansCurrent=true||
1605766865797|1|commit|connection 3|url jdbc:p6spy:mysql://localhost:3306/activiti?useUnicode=true&characterEncoding=utf-8&useSSL=true&serverTimezone=UTC&nullCatalogMeansCurrent=true||
1605766865811|1|commit|connection 3|url jdbc:p6spy:mysql://localhost:3306/activiti?useUnicode=true&characterEncoding=utf-8&useSSL=true&serverTimezone=UTC&nullCatalogMeansCurrent=true||
1605766865818|1|commit|connection 3|url jdbc:p6spy:mysql://localhost:3306/activiti?useUnicode=true&characterEncoding=utf-8&useSSL=true&serverTimezone=UTC&nullCatalogMeansCurrent=true||
1605766865834|1|commit|connection 3|url jdbc:p6spy:mysql://localhost:3306/activiti?useUnicode=true&characterEncoding=utf-8&useSSL=true&serverTimezone=UTC&nullCatalogMeansCurrent=true||
1605766865842|1|commit|connection 3|url jdbc:p6spy:mysql://localhost:3306/activiti?useUnicode=true&characterEncoding=utf-8&useSSL=true&serverTimezone=UTC&nullCatalogMeansCurrent=true||
1605766865850|1|commit|connection 3|url jdbc:p6spy:mysql://localhost:3306/activiti?useUnicode=true&characterEncoding=utf-8&useSSL=true&serverTimezone=UTC&nullCatalogMeansCurrent=true||
1605766865857|1|commit|connection 3|url jdbc:p6spy:mysql://localhost:3306/activiti?useUnicode=true&characterEncoding=utf-8&useSSL=true&serverTimezone=UTC&nullCatalogMeansCurrent=true||
1605766865865|1|commit|connection 3|url jdbc:p6spy:mysql://localhost:3306/activiti?useUnicode=true&characterEncoding=utf-8&useSSL=true&serverTimezone=UTC&nullCatalogMeansCurrent=true||
1605766865873|1|commit|connection 3|url jdbc:p6spy:mysql://localhost:3306/activiti?useUnicode=true&characterEncoding=utf-8&useSSL=true&serverTimezone=UTC&nullCatalogMeansCurrent=true||
1605766865879|1|commit|connection 3|url jdbc:p6spy:mysql://localhost:3306/activiti?useUnicode=true&characterEncoding=utf-8&useSSL=true&serverTimezone=UTC&nullCatalogMeansCurrent=true||
1605766865889|1|commit|connection 3|url jdbc:p6spy:mysql://localhost:3306/activiti?useUnicode=true&characterEncoding=utf-8&useSSL=true&serverTimezone=UTC&nullCatalogMeansCurrent=true||
1605766865896|1|commit|connection 3|url jdbc:p6spy:mysql://localhost:3306/activiti?useUnicode=true&characterEncoding=utf-8&useSSL=true&serverTimezone=UTC&nullCatalogMeansCurrent=true||
1605766865905|1|commit|connection 3|url jdbc:p6spy:mysql://localhost:3306/activiti?useUnicode=true&characterEncoding=utf-8&useSSL=true&serverTimezone=UTC&nullCatalogMeansCurrent=true||
1605766865912|1|commit|connection 3|url jdbc:p6spy:mysql://localhost:3306/activiti?useUnicode=true&characterEncoding=utf-8&useSSL=true&serverTimezone=UTC&nullCatalogMeansCurrent=true||
1605766866434|2|statement|connection 3|url jdbc:p6spy:mysql://localhost:3306/activiti?useUnicode=true&characterEncoding=utf-8&useSSL=true&serverTimezone=UTC&nullCatalogMeansCurrent=true|select distinct RES.*              from ACT_RE_PROCDEF RES                      order by RES.ID_ asc     LIMIT ? OFFSET ?|select distinct RES.*              from ACT_RE_PROCDEF RES                      order by RES.ID_ asc     LIMIT 2147483647 OFFSET 0
1605766866437|1|commit|connection 3|url jdbc:p6spy:mysql://localhost:3306/activiti?useUnicode=true&characterEncoding=utf-8&useSSL=true&serverTimezone=UTC&nullCatalogMeansCurrent=true||
1605766866443|1|statement|connection 3|url jdbc:p6spy:mysql://localhost:3306/activiti?useUnicode=true&characterEncoding=utf-8&useSSL=true&serverTimezone=UTC&nullCatalogMeansCurrent=true|select * from ACT_RE_PROCDEF where ID_ = ?|select * from ACT_RE_PROCDEF where ID_ = 'myProcess_Part1:1:f3cbd21f-2a0b-11eb-99cb-a6ee3527a6d6'
1605766866446|1|statement|connection 3|url jdbc:p6spy:mysql://localhost:3306/activiti?useUnicode=true&characterEncoding=utf-8&useSSL=true&serverTimezone=UTC&nullCatalogMeansCurrent=true|select * from ACT_RE_DEPLOYMENT where ID_ = ?|select * from ACT_RE_DEPLOYMENT where ID_ = 'f3b6273d-2a0b-11eb-99cb-a6ee3527a6d6'
1605766866451|2|statement|connection 3|url jdbc:p6spy:mysql://localhost:3306/activiti?useUnicode=true&characterEncoding=utf-8&useSSL=true&serverTimezone=UTC&nullCatalogMeansCurrent=true|select * from ACT_GE_BYTEARRAY where DEPLOYMENT_ID_ = ? order by NAME_ asc|select * from ACT_GE_BYTEARRAY where DEPLOYMENT_ID_ = 'f3b6273d-2a0b-11eb-99cb-a6ee3527a6d6' order by NAME_ asc
1605766866499|3|statement|connection 3|url jdbc:p6spy:mysql://localhost:3306/activiti?useUnicode=true&characterEncoding=utf-8&useSSL=true&serverTimezone=UTC&nullCatalogMeansCurrent=true|select *      from ACT_RE_PROCDEF      where DEPLOYMENT_ID_ = ?       and KEY_ = ?       and (TENANT_ID_ = '' or TENANT_ID_ is null)|select *      from ACT_RE_PROCDEF      where DEPLOYMENT_ID_ = 'f3b6273d-2a0b-11eb-99cb-a6ee3527a6d6'       and KEY_ = 'myProcess_Part1'       and (TENANT_ID_ = '' or TENANT_ID_ is null)
1605766866504|2|statement|connection 3|url jdbc:p6spy:mysql://localhost:3306/activiti?useUnicode=true&characterEncoding=utf-8&useSSL=true&serverTimezone=UTC&nullCatalogMeansCurrent=true|select * from ACT_PROCDEF_INFO where PROC_DEF_ID_ = ?|select * from ACT_PROCDEF_INFO where PROC_DEF_ID_ = 'myProcess_Part1:1:f3cbd21f-2a0b-11eb-99cb-a6ee3527a6d6'
1605766866508|2|commit|connection 3|url jdbc:p6spy:mysql://localhost:3306/activiti?useUnicode=true&characterEncoding=utf-8&useSSL=true&serverTimezone=UTC&nullCatalogMeansCurrent=true||
1605766866517|2|statement|connection 3|url jdbc:p6spy:mysql://localhost:3306/activiti?useUnicode=true&characterEncoding=utf-8&useSSL=true&serverTimezone=UTC&nullCatalogMeansCurrent=true|select * from ACT_GE_BYTEARRAY      where DEPLOYMENT_ID_ = ?           AND NAME_ = ?|select * from ACT_GE_BYTEARRAY      where DEPLOYMENT_ID_ = 'f3b6273d-2a0b-11eb-99cb-a6ee3527a6d6'           AND NAME_ = 'BPMN/Part1_Deployment.bpmn'
1605766866521|2|commit|connection 3|url jdbc:p6spy:mysql://localhost:3306/activiti?useUnicode=true&characterEncoding=utf-8&useSSL=true&serverTimezone=UTC&nullCatalogMeansCurrent=true||
1605766873716|3|statement|connection 0|url jdbc:p6spy:mysql://localhost:3306/activiti?useUnicode=true&characterEncoding=utf-8&useSSL=true&serverTimezone=UTC&nullCatalogMeansCurrent=true|select distinct RES.*            from ACT_HI_TASKINST RES                                                WHERE  RES.ASSIGNEE_ = ?              order by RES.END_TIME_ asc     LIMIT ? OFFSET ?|select distinct RES.*            from ACT_HI_TASKINST RES                                                WHERE  RES.ASSIGNEE_ = 'bajie'              order by RES.END_TIME_ asc     LIMIT 2147483647 OFFSET 0
1605766873720|2|commit|connection 0|url jdbc:p6spy:mysql://localhost:3306/activiti?useUnicode=true&characterEncoding=utf-8&useSSL=true&serverTimezone=UTC&nullCatalogMeansCurrent=true||
1605766874766|3|statement|connection 2|url jdbc:p6spy:mysql://localhost:3306/activiti?useUnicode=true&characterEncoding=utf-8&useSSL=true&serverTimezone=UTC&nullCatalogMeansCurrent=true|select 		RES.*  		from ACT_RU_JOB RES 		where LOCK_EXP_TIME_ is null 		LIMIT ? OFFSET ?|select 		RES.*  		from ACT_RU_JOB RES 		where LOCK_EXP_TIME_ is null 		LIMIT 1 OFFSET 0
1605766874769|2|commit|connection 2|url jdbc:p6spy:mysql://localhost:3306/activiti?useUnicode=true&characterEncoding=utf-8&useSSL=true&serverTimezone=UTC&nullCatalogMeansCurrent=true||
1605766874772|2|statement|connection 0|url jdbc:p6spy:mysql://localhost:3306/activiti?useUnicode=true&characterEncoding=utf-8&useSSL=true&serverTimezone=UTC&nullCatalogMeansCurrent=true|select 		RES.*   		from ACT_RU_TIMER_JOB RES 		where DUEDATE_ <= ?  		and LOCK_OWNER_ is null  		LIMIT ? OFFSET ?|select 		RES.*   		from ACT_RU_TIMER_JOB RES 		where DUEDATE_ <= '2020-11-19T14:21:14.769+0800'  		and LOCK_OWNER_ is null  		LIMIT 1 OFFSET 0
1605766874775|2|commit|connection 0|url jdbc:p6spy:mysql://localhost:3306/activiti?useUnicode=true&characterEncoding=utf-8&useSSL=true&serverTimezone=UTC&nullCatalogMeansCurrent=true||
1605766874781|2|commit|connection 0|url jdbc:p6spy:mysql://localhost:3306/activiti?useUnicode=true&characterEncoding=utf-8&useSSL=true&serverTimezone=UTC&nullCatalogMeansCurrent=true||
1605766884785|2|statement|connection 2|url jdbc:p6spy:mysql://localhost:3306/activiti?useUnicode=true&characterEncoding=utf-8&useSSL=true&serverTimezone=UTC&nullCatalogMeansCurrent=true|select 		RES.*  		from ACT_RU_JOB RES 		where LOCK_EXP_TIME_ is null 		LIMIT ? OFFSET ?|select 		RES.*  		from ACT_RU_JOB RES 		where LOCK_EXP_TIME_ is null 		LIMIT 1 OFFSET 0
1605766884787|1|commit|connection 2|url jdbc:p6spy:mysql://localhost:3306/activiti?useUnicode=true&characterEncoding=utf-8&useSSL=true&serverTimezone=UTC&nullCatalogMeansCurrent=true||
1605766884792|2|statement|connection 0|url jdbc:p6spy:mysql://localhost:3306/activiti?useUnicode=true&characterEncoding=utf-8&useSSL=true&serverTimezone=UTC&nullCatalogMeansCurrent=true|select 		RES.*   		from ACT_RU_TIMER_JOB RES 		where DUEDATE_ <= ?  		and LOCK_OWNER_ is null  		LIMIT ? OFFSET ?|select 		RES.*   		from ACT_RU_TIMER_JOB RES 		where DUEDATE_ <= '2020-11-19T14:21:24.789+0800'  		and LOCK_OWNER_ is null  		LIMIT 1 OFFSET 0
1605766884794|1|commit|connection 0|url jdbc:p6spy:mysql://localhost:3306/activiti?useUnicode=true&characterEncoding=utf-8&useSSL=true&serverTimezone=UTC&nullCatalogMeansCurrent=true||
1605766884799|1|commit|connection 0|url jdbc:p6spy:mysql://localhost:3306/activiti?useUnicode=true&characterEncoding=utf-8&useSSL=true&serverTimezone=UTC&nullCatalogMeansCurrent=true||
1605766894801|2|statement|connection 2|url jdbc:p6spy:mysql://localhost:3306/activiti?useUnicode=true&characterEncoding=utf-8&useSSL=true&serverTimezone=UTC&nullCatalogMeansCurrent=true|select 		RES.*  		from ACT_RU_JOB RES 		where LOCK_EXP_TIME_ is null 		LIMIT ? OFFSET ?|select 		RES.*  		from ACT_RU_JOB RES 		where LOCK_EXP_TIME_ is null 		LIMIT 1 OFFSET 0
1605766894803|1|commit|connection 2|url jdbc:p6spy:mysql://localhost:3306/activiti?useUnicode=true&characterEncoding=utf-8&useSSL=true&serverTimezone=UTC&nullCatalogMeansCurrent=true||
1605766894807|1|statement|connection 0|url jdbc:p6spy:mysql://localhost:3306/activiti?useUnicode=true&characterEncoding=utf-8&useSSL=true&serverTimezone=UTC&nullCatalogMeansCurrent=true|select 		RES.*   		from ACT_RU_TIMER_JOB RES 		where DUEDATE_ <= ?  		and LOCK_OWNER_ is null  		LIMIT ? OFFSET ?|select 		RES.*   		from ACT_RU_TIMER_JOB RES 		where DUEDATE_ <= '2020-11-19T14:21:34.805+0800'  		and LOCK_OWNER_ is null  		LIMIT 1 OFFSET 0
1605766894809|1|commit|connection 0|url jdbc:p6spy:mysql://localhost:3306/activiti?useUnicode=true&characterEncoding=utf-8&useSSL=true&serverTimezone=UTC&nullCatalogMeansCurrent=true||
1605766894814|1|commit|connection 0|url jdbc:p6spy:mysql://localhost:3306/activiti?useUnicode=true&characterEncoding=utf-8&useSSL=true&serverTimezone=UTC&nullCatalogMeansCurrent=true||
1605766904817|2|statement|connection 2|url jdbc:p6spy:mysql://localhost:3306/activiti?useUnicode=true&characterEncoding=utf-8&useSSL=true&serverTimezone=UTC&nullCatalogMeansCurrent=true|select 		RES.*  		from ACT_RU_JOB RES 		where LOCK_EXP_TIME_ is null 		LIMIT ? OFFSET ?|select 		RES.*  		from ACT_RU_JOB RES 		where LOCK_EXP_TIME_ is null 		LIMIT 1 OFFSET 0
1605766904819|1|commit|connection 2|url jdbc:p6spy:mysql://localhost:3306/activiti?useUnicode=true&characterEncoding=utf-8&useSSL=true&serverTimezone=UTC&nullCatalogMeansCurrent=true||
1605766904828|4|statement|connection 0|url jdbc:p6spy:mysql://localhost:3306/activiti?useUnicode=true&characterEncoding=utf-8&useSSL=true&serverTimezone=UTC&nullCatalogMeansCurrent=true|select 		RES.*   		from ACT_RU_TIMER_JOB RES 		where DUEDATE_ <= ?  		and LOCK_OWNER_ is null  		LIMIT ? OFFSET ?|select 		RES.*   		from ACT_RU_TIMER_JOB RES 		where DUEDATE_ <= '2020-11-19T14:21:44.823+0800'  		and LOCK_OWNER_ is null  		LIMIT 1 OFFSET 0
1605766904831|1|commit|connection 0|url jdbc:p6spy:mysql://localhost:3306/activiti?useUnicode=true&characterEncoding=utf-8&useSSL=true&serverTimezone=UTC&nullCatalogMeansCurrent=true||
1605766904836|1|commit|connection 0|url jdbc:p6spy:mysql://localhost:3306/activiti?useUnicode=true&characterEncoding=utf-8&useSSL=true&serverTimezone=UTC&nullCatalogMeansCurrent=true||
1605766914834|1|statement|connection 2|url jdbc:p6spy:mysql://localhost:3306/activiti?useUnicode=true&characterEncoding=utf-8&useSSL=true&serverTimezone=UTC&nullCatalogMeansCurrent=true|select 		RES.*  		from ACT_RU_JOB RES 		where LOCK_EXP_TIME_ is null 		LIMIT ? OFFSET ?|select 		RES.*  		from ACT_RU_JOB RES 		where LOCK_EXP_TIME_ is null 		LIMIT 1 OFFSET 0
1605766914835|1|commit|connection 2|url jdbc:p6spy:mysql://localhost:3306/activiti?useUnicode=true&characterEncoding=utf-8&useSSL=true&serverTimezone=UTC&nullCatalogMeansCurrent=true||
1605766914846|1|statement|connection 0|url jdbc:p6spy:mysql://localhost:3306/activiti?useUnicode=true&characterEncoding=utf-8&useSSL=true&serverTimezone=UTC&nullCatalogMeansCurrent=true|select 		RES.*   		from ACT_RU_TIMER_JOB RES 		where DUEDATE_ <= ?  		and LOCK_OWNER_ is null  		LIMIT ? OFFSET ?|select 		RES.*   		from ACT_RU_TIMER_JOB RES 		where DUEDATE_ <= '2020-11-19T14:21:54.843+0800'  		and LOCK_OWNER_ is null  		LIMIT 1 OFFSET 0
1605766914847|1|commit|connection 0|url jdbc:p6spy:mysql://localhost:3306/activiti?useUnicode=true&characterEncoding=utf-8&useSSL=true&serverTimezone=UTC&nullCatalogMeansCurrent=true||
1605766914852|1|commit|connection 0|url jdbc:p6spy:mysql://localhost:3306/activiti?useUnicode=true&characterEncoding=utf-8&useSSL=true&serverTimezone=UTC&nullCatalogMeansCurrent=true||
1605766924766|2|statement|connection 1|url jdbc:p6spy:mysql://localhost:3306/activiti?useUnicode=true&characterEncoding=utf-8&useSSL=true&serverTimezone=UTC&nullCatalogMeansCurrent=true|select       	RES.*         	from ACT_RU_JOB RES     	where RES.LOCK_EXP_TIME_ is not null and RES.LOCK_EXP_TIME_ < ?     	LIMIT ? OFFSET ?|select       	RES.*         	from ACT_RU_JOB RES     	where RES.LOCK_EXP_TIME_ is not null and RES.LOCK_EXP_TIME_ < '2020-11-19T14:22:04.763+0800'     	LIMIT 3 OFFSET 0
1605766924768|1|commit|connection 1|url jdbc:p6spy:mysql://localhost:3306/activiti?useUnicode=true&characterEncoding=utf-8&useSSL=true&serverTimezone=UTC&nullCatalogMeansCurrent=true||
1605766924846|1|statement|connection 2|url jdbc:p6spy:mysql://localhost:3306/activiti?useUnicode=true&characterEncoding=utf-8&useSSL=true&serverTimezone=UTC&nullCatalogMeansCurrent=true|select 		RES.*  		from ACT_RU_JOB RES 		where LOCK_EXP_TIME_ is null 		LIMIT ? OFFSET ?|select 		RES.*  		from ACT_RU_JOB RES 		where LOCK_EXP_TIME_ is null 		LIMIT 1 OFFSET 0
1605766924848|1|commit|connection 2|url jdbc:p6spy:mysql://localhost:3306/activiti?useUnicode=true&characterEncoding=utf-8&useSSL=true&serverTimezone=UTC&nullCatalogMeansCurrent=true||
1605766924860|1|statement|connection 0|url jdbc:p6spy:mysql://localhost:3306/activiti?useUnicode=true&characterEncoding=utf-8&useSSL=true&serverTimezone=UTC&nullCatalogMeansCurrent=true|select 		RES.*   		from ACT_RU_TIMER_JOB RES 		where DUEDATE_ <= ?  		and LOCK_OWNER_ is null  		LIMIT ? OFFSET ?|select 		RES.*   		from ACT_RU_TIMER_JOB RES 		where DUEDATE_ <= '2020-11-19T14:22:04.858+0800'  		and LOCK_OWNER_ is null  		LIMIT 1 OFFSET 0
1605766924862|1|commit|connection 0|url jdbc:p6spy:mysql://localhost:3306/activiti?useUnicode=true&characterEncoding=utf-8&useSSL=true&serverTimezone=UTC&nullCatalogMeansCurrent=true||
1605766924867|1|commit|connection 0|url jdbc:p6spy:mysql://localhost:3306/activiti?useUnicode=true&characterEncoding=utf-8&useSSL=true&serverTimezone=UTC&nullCatalogMeansCurrent=true||
1605766934857|1|statement|connection 2|url jdbc:p6spy:mysql://localhost:3306/activiti?useUnicode=true&characterEncoding=utf-8&useSSL=true&serverTimezone=UTC&nullCatalogMeansCurrent=true|select 		RES.*  		from ACT_RU_JOB RES 		where LOCK_EXP_TIME_ is null 		LIMIT ? OFFSET ?|select 		RES.*  		from ACT_RU_JOB RES 		where LOCK_EXP_TIME_ is null 		LIMIT 1 OFFSET 0
1605766934859|1|commit|connection 2|url jdbc:p6spy:mysql://localhost:3306/activiti?useUnicode=true&characterEncoding=utf-8&useSSL=true&serverTimezone=UTC&nullCatalogMeansCurrent=true||
1605766934881|2|statement|connection 0|url jdbc:p6spy:mysql://localhost:3306/activiti?useUnicode=true&characterEncoding=utf-8&useSSL=true&serverTimezone=UTC&nullCatalogMeansCurrent=true|select 		RES.*   		from ACT_RU_TIMER_JOB RES 		where DUEDATE_ <= ?  		and LOCK_OWNER_ is null  		LIMIT ? OFFSET ?|select 		RES.*   		from ACT_RU_TIMER_JOB RES 		where DUEDATE_ <= '2020-11-19T14:22:14.878+0800'  		and LOCK_OWNER_ is null  		LIMIT 1 OFFSET 0
1605766934883|1|commit|connection 0|url jdbc:p6spy:mysql://localhost:3306/activiti?useUnicode=true&characterEncoding=utf-8&useSSL=true&serverTimezone=UTC&nullCatalogMeansCurrent=true||
1605766934889|1|commit|connection 0|url jdbc:p6spy:mysql://localhost:3306/activiti?useUnicode=true&characterEncoding=utf-8&useSSL=true&serverTimezone=UTC&nullCatalogMeansCurrent=true||
1605766944868|1|statement|connection 2|url jdbc:p6spy:mysql://localhost:3306/activiti?useUnicode=true&characterEncoding=utf-8&useSSL=true&serverTimezone=UTC&nullCatalogMeansCurrent=true|select 		RES.*  		from ACT_RU_JOB RES 		where LOCK_EXP_TIME_ is null 		LIMIT ? OFFSET ?|select 		RES.*  		from ACT_RU_JOB RES 		where LOCK_EXP_TIME_ is null 		LIMIT 1 OFFSET 0
1605766944870|1|commit|connection 2|url jdbc:p6spy:mysql://localhost:3306/activiti?useUnicode=true&characterEncoding=utf-8&useSSL=true&serverTimezone=UTC&nullCatalogMeansCurrent=true||
1605766944900|2|statement|connection 0|url jdbc:p6spy:mysql://localhost:3306/activiti?useUnicode=true&characterEncoding=utf-8&useSSL=true&serverTimezone=UTC&nullCatalogMeansCurrent=true|select 		RES.*   		from ACT_RU_TIMER_JOB RES 		where DUEDATE_ <= ?  		and LOCK_OWNER_ is null  		LIMIT ? OFFSET ?|select 		RES.*   		from ACT_RU_TIMER_JOB RES 		where DUEDATE_ <= '2020-11-19T14:22:24.898+0800'  		and LOCK_OWNER_ is null  		LIMIT 1 OFFSET 0
1605766944903|2|commit|connection 0|url jdbc:p6spy:mysql://localhost:3306/activiti?useUnicode=true&characterEncoding=utf-8&useSSL=true&serverTimezone=UTC&nullCatalogMeansCurrent=true||
1605766944909|1|commit|connection 0|url jdbc:p6spy:mysql://localhost:3306/activiti?useUnicode=true&characterEncoding=utf-8&useSSL=true&serverTimezone=UTC&nullCatalogMeansCurrent=true||
1605766954882|1|statement|connection 2|url jdbc:p6spy:mysql://localhost:3306/activiti?useUnicode=true&characterEncoding=utf-8&useSSL=true&serverTimezone=UTC&nullCatalogMeansCurrent=true|select 		RES.*  		from ACT_RU_JOB RES 		where LOCK_EXP_TIME_ is null 		LIMIT ? OFFSET ?|select 		RES.*  		from ACT_RU_JOB RES 		where LOCK_EXP_TIME_ is null 		LIMIT 1 OFFSET 0
1605766954883|1|commit|connection 2|url jdbc:p6spy:mysql://localhost:3306/activiti?useUnicode=true&characterEncoding=utf-8&useSSL=true&serverTimezone=UTC&nullCatalogMeansCurrent=true||
1605766954922|2|statement|connection 0|url jdbc:p6spy:mysql://localhost:3306/activiti?useUnicode=true&characterEncoding=utf-8&useSSL=true&serverTimezone=UTC&nullCatalogMeansCurrent=true|select 		RES.*   		from ACT_RU_TIMER_JOB RES 		where DUEDATE_ <= ?  		and LOCK_OWNER_ is null  		LIMIT ? OFFSET ?|select 		RES.*   		from ACT_RU_TIMER_JOB RES 		where DUEDATE_ <= '2020-11-19T14:22:34.919+0800'  		and LOCK_OWNER_ is null  		LIMIT 1 OFFSET 0
1605766954925|2|commit|connection 0|url jdbc:p6spy:mysql://localhost:3306/activiti?useUnicode=true&characterEncoding=utf-8&useSSL=true&serverTimezone=UTC&nullCatalogMeansCurrent=true||
1605766954930|1|commit|connection 0|url jdbc:p6spy:mysql://localhost:3306/activiti?useUnicode=true&characterEncoding=utf-8&useSSL=true&serverTimezone=UTC&nullCatalogMeansCurrent=true||
1605766964896|2|statement|connection 2|url jdbc:p6spy:mysql://localhost:3306/activiti?useUnicode=true&characterEncoding=utf-8&useSSL=true&serverTimezone=UTC&nullCatalogMeansCurrent=true|select 		RES.*  		from ACT_RU_JOB RES 		where LOCK_EXP_TIME_ is null 		LIMIT ? OFFSET ?|select 		RES.*  		from ACT_RU_JOB RES 		where LOCK_EXP_TIME_ is null 		LIMIT 1 OFFSET 0
1605766964898|1|commit|connection 2|url jdbc:p6spy:mysql://localhost:3306/activiti?useUnicode=true&characterEncoding=utf-8&useSSL=true&serverTimezone=UTC&nullCatalogMeansCurrent=true||
1605766964943|2|statement|connection 0|url jdbc:p6spy:mysql://localhost:3306/activiti?useUnicode=true&characterEncoding=utf-8&useSSL=true&serverTimezone=UTC&nullCatalogMeansCurrent=true|select 		RES.*   		from ACT_RU_TIMER_JOB RES 		where DUEDATE_ <= ?  		and LOCK_OWNER_ is null  		LIMIT ? OFFSET ?|select 		RES.*   		from ACT_RU_TIMER_JOB RES 		where DUEDATE_ <= '2020-11-19T14:22:44.940+0800'  		and LOCK_OWNER_ is null  		LIMIT 1 OFFSET 0
1605766964945|1|commit|connection 0|url jdbc:p6spy:mysql://localhost:3306/activiti?useUnicode=true&characterEncoding=utf-8&useSSL=true&serverTimezone=UTC&nullCatalogMeansCurrent=true||
1605766964949|1|commit|connection 0|url jdbc:p6spy:mysql://localhost:3306/activiti?useUnicode=true&characterEncoding=utf-8&useSSL=true&serverTimezone=UTC&nullCatalogMeansCurrent=true||
1605766974908|2|statement|connection 2|url jdbc:p6spy:mysql://localhost:3306/activiti?useUnicode=true&characterEncoding=utf-8&useSSL=true&serverTimezone=UTC&nullCatalogMeansCurrent=true|select 		RES.*  		from ACT_RU_JOB RES 		where LOCK_EXP_TIME_ is null 		LIMIT ? OFFSET ?|select 		RES.*  		from ACT_RU_JOB RES 		where LOCK_EXP_TIME_ is null 		LIMIT 1 OFFSET 0
1605766974910|2|commit|connection 2|url jdbc:p6spy:mysql://localhost:3306/activiti?useUnicode=true&characterEncoding=utf-8&useSSL=true&serverTimezone=UTC&nullCatalogMeansCurrent=true||
1605766974958|2|statement|connection 0|url jdbc:p6spy:mysql://localhost:3306/activiti?useUnicode=true&characterEncoding=utf-8&useSSL=true&serverTimezone=UTC&nullCatalogMeansCurrent=true|select 		RES.*   		from ACT_RU_TIMER_JOB RES 		where DUEDATE_ <= ?  		and LOCK_OWNER_ is null  		LIMIT ? OFFSET ?|select 		RES.*   		from ACT_RU_TIMER_JOB RES 		where DUEDATE_ <= '2020-11-19T14:22:54.955+0800'  		and LOCK_OWNER_ is null  		LIMIT 1 OFFSET 0
1605766974960|1|commit|connection 0|url jdbc:p6spy:mysql://localhost:3306/activiti?useUnicode=true&characterEncoding=utf-8&useSSL=true&serverTimezone=UTC&nullCatalogMeansCurrent=true||
1605766974966|2|commit|connection 0|url jdbc:p6spy:mysql://localhost:3306/activiti?useUnicode=true&characterEncoding=utf-8&useSSL=true&serverTimezone=UTC&nullCatalogMeansCurrent=true||
1605766984781|1|statement|connection 1|url jdbc:p6spy:mysql://localhost:3306/activiti?useUnicode=true&characterEncoding=utf-8&useSSL=true&serverTimezone=UTC&nullCatalogMeansCurrent=true|select       	RES.*         	from ACT_RU_JOB RES     	where RES.LOCK_EXP_TIME_ is not null and RES.LOCK_EXP_TIME_ < ?     	LIMIT ? OFFSET ?|select       	RES.*         	from ACT_RU_JOB RES     	where RES.LOCK_EXP_TIME_ is not null and RES.LOCK_EXP_TIME_ < '2020-11-19T14:23:04.779+0800'     	LIMIT 3 OFFSET 0
1605766984783|1|commit|connection 1|url jdbc:p6spy:mysql://localhost:3306/activiti?useUnicode=true&characterEncoding=utf-8&useSSL=true&serverTimezone=UTC&nullCatalogMeansCurrent=true||
1605766984926|2|statement|connection 2|url jdbc:p6spy:mysql://localhost:3306/activiti?useUnicode=true&characterEncoding=utf-8&useSSL=true&serverTimezone=UTC&nullCatalogMeansCurrent=true|select 		RES.*  		from ACT_RU_JOB RES 		where LOCK_EXP_TIME_ is null 		LIMIT ? OFFSET ?|select 		RES.*  		from ACT_RU_JOB RES 		where LOCK_EXP_TIME_ is null 		LIMIT 1 OFFSET 0
1605766984928|1|commit|connection 2|url jdbc:p6spy:mysql://localhost:3306/activiti?useUnicode=true&characterEncoding=utf-8&useSSL=true&serverTimezone=UTC&nullCatalogMeansCurrent=true||
1605766984980|2|statement|connection 0|url jdbc:p6spy:mysql://localhost:3306/activiti?useUnicode=true&characterEncoding=utf-8&useSSL=true&serverTimezone=UTC&nullCatalogMeansCurrent=true|select 		RES.*   		from ACT_RU_TIMER_JOB RES 		where DUEDATE_ <= ?  		and LOCK_OWNER_ is null  		LIMIT ? OFFSET ?|select 		RES.*   		from ACT_RU_TIMER_JOB RES 		where DUEDATE_ <= '2020-11-19T14:23:04.977+0800'  		and LOCK_OWNER_ is null  		LIMIT 1 OFFSET 0
1605766984982|1|commit|connection 0|url jdbc:p6spy:mysql://localhost:3306/activiti?useUnicode=true&characterEncoding=utf-8&useSSL=true&serverTimezone=UTC&nullCatalogMeansCurrent=true||
1605766984986|1|commit|connection 0|url jdbc:p6spy:mysql://localhost:3306/activiti?useUnicode=true&characterEncoding=utf-8&useSSL=true&serverTimezone=UTC&nullCatalogMeansCurrent=true||
1605766994939|2|statement|connection 2|url jdbc:p6spy:mysql://localhost:3306/activiti?useUnicode=true&characterEncoding=utf-8&useSSL=true&serverTimezone=UTC&nullCatalogMeansCurrent=true|select 		RES.*  		from ACT_RU_JOB RES 		where LOCK_EXP_TIME_ is null 		LIMIT ? OFFSET ?|select 		RES.*  		from ACT_RU_JOB RES 		where LOCK_EXP_TIME_ is null 		LIMIT 1 OFFSET 0
1605766994941|1|commit|connection 2|url jdbc:p6spy:mysql://localhost:3306/activiti?useUnicode=true&characterEncoding=utf-8&useSSL=true&serverTimezone=UTC&nullCatalogMeansCurrent=true||
1605766995000|2|statement|connection 0|url jdbc:p6spy:mysql://localhost:3306/activiti?useUnicode=true&characterEncoding=utf-8&useSSL=true&serverTimezone=UTC&nullCatalogMeansCurrent=true|select 		RES.*   		from ACT_RU_TIMER_JOB RES 		where DUEDATE_ <= ?  		and LOCK_OWNER_ is null  		LIMIT ? OFFSET ?|select 		RES.*   		from ACT_RU_TIMER_JOB RES 		where DUEDATE_ <= '2020-11-19T14:23:14.997+0800'  		and LOCK_OWNER_ is null  		LIMIT 1 OFFSET 0
1605766995003|2|commit|connection 0|url jdbc:p6spy:mysql://localhost:3306/activiti?useUnicode=true&characterEncoding=utf-8&useSSL=true&serverTimezone=UTC&nullCatalogMeansCurrent=true||
1605766995008|1|commit|connection 0|url jdbc:p6spy:mysql://localhost:3306/activiti?useUnicode=true&characterEncoding=utf-8&useSSL=true&serverTimezone=UTC&nullCatalogMeansCurrent=true||
1605767004955|4|statement|connection 2|url jdbc:p6spy:mysql://localhost:3306/activiti?useUnicode=true&characterEncoding=utf-8&useSSL=true&serverTimezone=UTC&nullCatalogMeansCurrent=true|select 		RES.*  		from ACT_RU_JOB RES 		where LOCK_EXP_TIME_ is null 		LIMIT ? OFFSET ?|select 		RES.*  		from ACT_RU_JOB RES 		where LOCK_EXP_TIME_ is null 		LIMIT 1 OFFSET 0
1605767004959|2|commit|connection 2|url jdbc:p6spy:mysql://localhost:3306/activiti?useUnicode=true&characterEncoding=utf-8&useSSL=true&serverTimezone=UTC&nullCatalogMeansCurrent=true||
1605767005023|2|statement|connection 0|url jdbc:p6spy:mysql://localhost:3306/activiti?useUnicode=true&characterEncoding=utf-8&useSSL=true&serverTimezone=UTC&nullCatalogMeansCurrent=true|select 		RES.*   		from ACT_RU_TIMER_JOB RES 		where DUEDATE_ <= ?  		and LOCK_OWNER_ is null  		LIMIT ? OFFSET ?|select 		RES.*   		from ACT_RU_TIMER_JOB RES 		where DUEDATE_ <= '2020-11-19T14:23:25.020+0800'  		and LOCK_OWNER_ is null  		LIMIT 1 OFFSET 0
1605767005025|2|commit|connection 0|url jdbc:p6spy:mysql://localhost:3306/activiti?useUnicode=true&characterEncoding=utf-8&useSSL=true&serverTimezone=UTC&nullCatalogMeansCurrent=true||
1605767005034|2|commit|connection 0|url jdbc:p6spy:mysql://localhost:3306/activiti?useUnicode=true&characterEncoding=utf-8&useSSL=true&serverTimezone=UTC&nullCatalogMeansCurrent=true||
1605767014977|2|statement|connection 2|url jdbc:p6spy:mysql://localhost:3306/activiti?useUnicode=true&characterEncoding=utf-8&useSSL=true&serverTimezone=UTC&nullCatalogMeansCurrent=true|select 		RES.*  		from ACT_RU_JOB RES 		where LOCK_EXP_TIME_ is null 		LIMIT ? OFFSET ?|select 		RES.*  		from ACT_RU_JOB RES 		where LOCK_EXP_TIME_ is null 		LIMIT 1 OFFSET 0
1605767014980|2|commit|connection 2|url jdbc:p6spy:mysql://localhost:3306/activiti?useUnicode=true&characterEncoding=utf-8&useSSL=true&serverTimezone=UTC&nullCatalogMeansCurrent=true||
1605767015043|1|statement|connection 0|url jdbc:p6spy:mysql://localhost:3306/activiti?useUnicode=true&characterEncoding=utf-8&useSSL=true&serverTimezone=UTC&nullCatalogMeansCurrent=true|select 		RES.*   		from ACT_RU_TIMER_JOB RES 		where DUEDATE_ <= ?  		and LOCK_OWNER_ is null  		LIMIT ? OFFSET ?|select 		RES.*   		from ACT_RU_TIMER_JOB RES 		where DUEDATE_ <= '2020-11-19T14:23:35.041+0800'  		and LOCK_OWNER_ is null  		LIMIT 1 OFFSET 0
1605767015045|1|commit|connection 0|url jdbc:p6spy:mysql://localhost:3306/activiti?useUnicode=true&characterEncoding=utf-8&useSSL=true&serverTimezone=UTC&nullCatalogMeansCurrent=true||
1605767015051|2|commit|connection 0|url jdbc:p6spy:mysql://localhost:3306/activiti?useUnicode=true&characterEncoding=utf-8&useSSL=true&serverTimezone=UTC&nullCatalogMeansCurrent=true||
1605767024992|2|statement|connection 2|url jdbc:p6spy:mysql://localhost:3306/activiti?useUnicode=true&characterEncoding=utf-8&useSSL=true&serverTimezone=UTC&nullCatalogMeansCurrent=true|select 		RES.*  		from ACT_RU_JOB RES 		where LOCK_EXP_TIME_ is null 		LIMIT ? OFFSET ?|select 		RES.*  		from ACT_RU_JOB RES 		where LOCK_EXP_TIME_ is null 		LIMIT 1 OFFSET 0
1605767024995|1|commit|connection 2|url jdbc:p6spy:mysql://localhost:3306/activiti?useUnicode=true&characterEncoding=utf-8&useSSL=true&serverTimezone=UTC&nullCatalogMeansCurrent=true||
1605767025063|2|statement|connection 0|url jdbc:p6spy:mysql://localhost:3306/activiti?useUnicode=true&characterEncoding=utf-8&useSSL=true&serverTimezone=UTC&nullCatalogMeansCurrent=true|select 		RES.*   		from ACT_RU_TIMER_JOB RES 		where DUEDATE_ <= ?  		and LOCK_OWNER_ is null  		LIMIT ? OFFSET ?|select 		RES.*   		from ACT_RU_TIMER_JOB RES 		where DUEDATE_ <= '2020-11-19T14:23:45.061+0800'  		and LOCK_OWNER_ is null  		LIMIT 1 OFFSET 0
1605767025065|1|commit|connection 0|url jdbc:p6spy:mysql://localhost:3306/activiti?useUnicode=true&characterEncoding=utf-8&useSSL=true&serverTimezone=UTC&nullCatalogMeansCurrent=true||
1605767025070|1|commit|connection 0|url jdbc:p6spy:mysql://localhost:3306/activiti?useUnicode=true&characterEncoding=utf-8&useSSL=true&serverTimezone=UTC&nullCatalogMeansCurrent=true||
1605767035010|3|statement|connection 2|url jdbc:p6spy:mysql://localhost:3306/activiti?useUnicode=true&characterEncoding=utf-8&useSSL=true&serverTimezone=UTC&nullCatalogMeansCurrent=true|select 		RES.*  		from ACT_RU_JOB RES 		where LOCK_EXP_TIME_ is null 		LIMIT ? OFFSET ?|select 		RES.*  		from ACT_RU_JOB RES 		where LOCK_EXP_TIME_ is null 		LIMIT 1 OFFSET 0
1605767035015|2|commit|connection 2|url jdbc:p6spy:mysql://localhost:3306/activiti?useUnicode=true&characterEncoding=utf-8&useSSL=true&serverTimezone=UTC&nullCatalogMeansCurrent=true||
1605767035093|5|statement|connection 0|url jdbc:p6spy:mysql://localhost:3306/activiti?useUnicode=true&characterEncoding=utf-8&useSSL=true&serverTimezone=UTC&nullCatalogMeansCurrent=true|select 		RES.*   		from ACT_RU_TIMER_JOB RES 		where DUEDATE_ <= ?  		and LOCK_OWNER_ is null  		LIMIT ? OFFSET ?|select 		RES.*   		from ACT_RU_TIMER_JOB RES 		where DUEDATE_ <= '2020-11-19T14:23:55.087+0800'  		and LOCK_OWNER_ is null  		LIMIT 1 OFFSET 0
1605767035099|5|commit|connection 0|url jdbc:p6spy:mysql://localhost:3306/activiti?useUnicode=true&characterEncoding=utf-8&useSSL=true&serverTimezone=UTC&nullCatalogMeansCurrent=true||
1605767035118|5|commit|connection 0|url jdbc:p6spy:mysql://localhost:3306/activiti?useUnicode=true&characterEncoding=utf-8&useSSL=true&serverTimezone=UTC&nullCatalogMeansCurrent=true||
1605767044798|2|statement|connection 1|url jdbc:p6spy:mysql://localhost:3306/activiti?useUnicode=true&characterEncoding=utf-8&useSSL=true&serverTimezone=UTC&nullCatalogMeansCurrent=true|select       	RES.*         	from ACT_RU_JOB RES     	where RES.LOCK_EXP_TIME_ is not null and RES.LOCK_EXP_TIME_ < ?     	LIMIT ? OFFSET ?|select       	RES.*         	from ACT_RU_JOB RES     	where RES.LOCK_EXP_TIME_ is not null and RES.LOCK_EXP_TIME_ < '2020-11-19T14:24:04.795+0800'     	LIMIT 3 OFFSET 0
1605767044800|1|commit|connection 1|url jdbc:p6spy:mysql://localhost:3306/activiti?useUnicode=true&characterEncoding=utf-8&useSSL=true&serverTimezone=UTC&nullCatalogMeansCurrent=true||
1605767045027|2|statement|connection 2|url jdbc:p6spy:mysql://localhost:3306/activiti?useUnicode=true&characterEncoding=utf-8&useSSL=true&serverTimezone=UTC&nullCatalogMeansCurrent=true|select 		RES.*  		from ACT_RU_JOB RES 		where LOCK_EXP_TIME_ is null 		LIMIT ? OFFSET ?|select 		RES.*  		from ACT_RU_JOB RES 		where LOCK_EXP_TIME_ is null 		LIMIT 1 OFFSET 0
1605767045028|1|commit|connection 2|url jdbc:p6spy:mysql://localhost:3306/activiti?useUnicode=true&characterEncoding=utf-8&useSSL=true&serverTimezone=UTC&nullCatalogMeansCurrent=true||
1605767045135|2|statement|connection 0|url jdbc:p6spy:mysql://localhost:3306/activiti?useUnicode=true&characterEncoding=utf-8&useSSL=true&serverTimezone=UTC&nullCatalogMeansCurrent=true|select 		RES.*   		from ACT_RU_TIMER_JOB RES 		where DUEDATE_ <= ?  		and LOCK_OWNER_ is null  		LIMIT ? OFFSET ?|select 		RES.*   		from ACT_RU_TIMER_JOB RES 		where DUEDATE_ <= '2020-11-19T14:24:05.132+0800'  		and LOCK_OWNER_ is null  		LIMIT 1 OFFSET 0
1605767045137|1|commit|connection 0|url jdbc:p6spy:mysql://localhost:3306/activiti?useUnicode=true&characterEncoding=utf-8&useSSL=true&serverTimezone=UTC&nullCatalogMeansCurrent=true||
1605767045141|1|commit|connection 0|url jdbc:p6spy:mysql://localhost:3306/activiti?useUnicode=true&characterEncoding=utf-8&useSSL=true&serverTimezone=UTC&nullCatalogMeansCurrent=true||
